  Source.cpp
C:\Users\danii\source\repos\Project11\Project11\Source.cpp(109,15): warning C4244: инициализация: преобразование "T" в "float", возможна потеря данных
          with
          [
              T=unsigned int
          ]
C:\Users\danii\source\repos\Project11\Project11\Source.cpp(110,16): warning C4244: инициализация: преобразование "T" в "float", возможна потеря данных
          with
          [
              T=unsigned int
          ]
C:\Users\danii\source\repos\Project11\Project11\Source.cpp(114,24): warning C4244: =: преобразование "T" в "float", возможна потеря данных
          with
          [
              T=int
          ]
C:\Users\danii\source\repos\Project11\Project11\Source.cpp(118,64): warning C4244: аргумент: преобразование "int" в "float", возможна потеря данных
C:\Users\danii\source\repos\Project11\Project11\Source.cpp(118,43): warning C4244: аргумент: преобразование "int" в "float", возможна потеря данных
C:\Users\danii\source\repos\Project11\Project11\Source.cpp(199,33): warning C4244: аргумент: преобразование "int" в "float", возможна потеря данных
C:\Users\danii\source\repos\Project11\Project11\Source.cpp(199,25): warning C4244: аргумент: преобразование "int" в "float", возможна потеря данных
  Project11.vcxproj -> C:\Users\danii\source\repos\Project11\Debug\Project11.exe
